<?xml version="1.0" encoding="UTF-8"?>
<!-- Generated by org.testng.reporters.JUnitXMLReporter -->
<testsuite ignored="0" hostname="Venkats-MacBook-Air.local" failures="0" tests="3" name="LoginTestCases" time="0.099" errors="0" timestamp="2023-08-10T18:35:37 IST">
  <testcase classname="Module5.testng_alwaysrun_depedendsonmethod" name="loginTest" time="0.016"/>
  <testcase classname="Module5.testng_alwaysrun_depedendsonmethod" name="selectTest" time="0.004"/>
  <testcase classname="Module5.testng_alwaysrun_depedendsonmethod" name="searchTest" time="0.002"/>
</testsuite> <!-- LoginTestCases -->
