<?xml version="1.0" encoding="UTF-8"?>
<!-- Generated by org.testng.reporters.JUnitXMLReporter -->
<testsuite ignored="0" hostname="Venkats-MacBook-Air.local" failures="0" tests="2" name="test_with_safari" time="0.38" errors="0" timestamp="2023-08-10T19:08:02 IST">
  <testcase classname="Module5.HotelAppTesting" name="loginHotelApp" time="0.0">
    <skipped/>
  </testcase> <!-- loginHotelApp -->
  <testcase classname="Module5.HotelAppTesting" name="searchHotelApp" time="0.0">
    <skipped/>
  </testcase> <!-- searchHotelApp -->
</testsuite> <!-- test_with_safari -->
