<?xml version="1.0" encoding="UTF-8"?>
<!-- Generated by org.testng.reporters.JUnitXMLReporter -->
<testsuite ignored="0" hostname="Venkats-MacBook-Air.local" failures="0" tests="5" name="xyz" time="11.309" errors="0" timestamp="2023-08-10T18:45:48 IST">
  <testcase classname="Module4.understandTest" name="zxy" time="0.012"/>
  <testcase classname="Module4.understandTest" name="xyz" time="0.005"/>
  <testcase classname="Module4.understandTest" name="abc" time="0.004"/>
  <testcase classname="Module4.testng_framework" name="loginHotelApp" time="1.563"/>
  <testcase classname="Module4.testng_framework" name="searchHotelApp" time="1.53"/>
</testsuite> <!-- xyz -->
